<?xml version="1.0" encoding="UTF-8"?>
<!-- Generated by org.testng.reporters.JUnitReportReporter -->
<testsuite hostname="DESKTOP-BF6O9SL" failures="0" tests="1" name="LoginPageObjects.LoginPageObjectActions" time="89.457" errors="0" timestamp="22 Dec 2018 06:19:37 GMT" skipped="0">
  <testcase classname="LoginPageObjects.LoginPageObjectActions" name="methodUltimatixLogin" time="89.457"/>
</testsuite> <!-- LoginPageObjects.LoginPageObjectActions -->
